<?xml version="1.0" encoding="UTF-8"?>
<testng-results skipped="0" failed="0" total="1" passed="1">
  <reporter-output>
  </reporter-output>
  <suite name="Default suite" duration-ms="148126" started-at="2016-09-20T16:07:24Z" finished-at="2016-09-20T16:09:52Z">
    <groups>
    </groups>
    <test name="Default test" duration-ms="148126" started-at="2016-09-20T16:07:24Z" finished-at="2016-09-20T16:09:52Z">
      <class name="RodanFieldsAssertions.RodanAssertionsTest">
        <test-method status="PASS" signature="setUp()[pri:0, instance:RodanFieldsAssertions.RodanAssertionsTest@39582e88]" name="setUp" is-config="true" duration-ms="18053" started-at="2016-09-20T21:37:24Z" finished-at="2016-09-20T21:37:42Z">
          <reporter-output>
          </reporter-output>
        </test-method> <!-- setUp -->
        <test-method status="PASS" signature="rodanFieldsTest1()[pri:0, instance:RodanFieldsAssertions.RodanAssertionsTest@39582e88]" name="rodanFieldsTest1" duration-ms="130055" started-at="2016-09-20T21:37:42Z" finished-at="2016-09-20T21:39:52Z">
          <reporter-output>
          </reporter-output>
        </test-method> <!-- rodanFieldsTest1 -->
      </class> <!-- RodanFieldsAssertions.RodanAssertionsTest -->
    </test> <!-- Default test -->
  </suite> <!-- Default suite -->
</testng-results>
