<?xml version="1.0" encoding="UTF-8"?>
<testng-results skipped="0" failed="0" total="1" passed="1">
  <reporter-output>
  </reporter-output>
  <suite name="Default suite" duration-ms="110108" started-at="2016-09-20T17:16:27Z" finished-at="2016-09-20T17:18:17Z">
    <groups>
    </groups>
    <test name="Default test" duration-ms="110108" started-at="2016-09-20T17:16:27Z" finished-at="2016-09-20T17:18:17Z">
      <class name="RodanFieldsAssertions.RodanAssertionsTest">
        <test-method status="PASS" signature="setUp()[pri:0, instance:RodanFieldsAssertions.RodanAssertionsTest@63c99dae]" name="setUp" is-config="true" duration-ms="15547" started-at="2016-09-20T22:46:27Z" finished-at="2016-09-20T22:46:42Z">
          <reporter-output>
          </reporter-output>
        </test-method> <!-- setUp -->
        <test-method status="PASS" signature="rodanFieldsTest1()[pri:0, instance:RodanFieldsAssertions.RodanAssertionsTest@63c99dae]" name="rodanFieldsTest1" duration-ms="94546" started-at="2016-09-20T22:46:42Z" finished-at="2016-09-20T22:48:17Z">
          <reporter-output>
          </reporter-output>
        </test-method> <!-- rodanFieldsTest1 -->
      </class> <!-- RodanFieldsAssertions.RodanAssertionsTest -->
    </test> <!-- Default test -->
  </suite> <!-- Default suite -->
</testng-results>
